
Terraform used the selected providers to generate the following execution
plan. Resource actions are indicated with the following symbols:
  [32m+[0m create[0m

Terraform will perform the following actions:

[1m  # helm_release.flux[0m will be created
[0m  [32m+[0m[0m resource "helm_release" "flux" {
      [32m+[0m[0m atomic                     = false
      [32m+[0m[0m chart                      = "flux2"
      [32m+[0m[0m cleanup_on_fail            = false
      [32m+[0m[0m create_namespace           = true
      [32m+[0m[0m dependency_update          = false
      [32m+[0m[0m disable_crd_hooks          = false
      [32m+[0m[0m disable_openapi_validation = false
      [32m+[0m[0m disable_webhooks           = false
      [32m+[0m[0m force_update               = false
      [32m+[0m[0m id                         = (known after apply)
      [32m+[0m[0m lint                       = false
      [32m+[0m[0m max_history                = 0
      [32m+[0m[0m metadata                   = (known after apply)
      [32m+[0m[0m name                       = "flux"
      [32m+[0m[0m namespace                  = "flux-system"
      [32m+[0m[0m pass_credentials           = false
      [32m+[0m[0m recreate_pods              = false
      [32m+[0m[0m render_subchart_notes      = true
      [32m+[0m[0m replace                    = false
      [32m+[0m[0m repository                 = "https://fluxcd-community.github.io/helm-charts"
      [32m+[0m[0m reset_values               = false
      [32m+[0m[0m reuse_values               = false
      [32m+[0m[0m set                        = [
          [32m+[0m[0m {
              [32m+[0m[0m name  = "installCRDs"
              [32m+[0m[0m type  = ""
              [32m+[0m[0m value = "true"
            },
          [32m+[0m[0m {
              [32m+[0m[0m name  = "watchAllNamespaces"
              [32m+[0m[0m type  = ""
              [32m+[0m[0m value = "true"
            },
          [32m+[0m[0m {
              [32m+[0m[0m name  = "networkPolicy.create"
              [32m+[0m[0m type  = ""
              [32m+[0m[0m value = "true"
            },
          [32m+[0m[0m {
              [32m+[0m[0m name  = "metrics.enabled"
              [32m+[0m[0m type  = ""
              [32m+[0m[0m value = "true"
            },
          [32m+[0m[0m {
              [32m+[0m[0m name  = "events.enabled"
              [32m+[0m[0m type  = ""
              [32m+[0m[0m value = "true"
            },
        ]
      [32m+[0m[0m skip_crds                  = false
      [32m+[0m[0m status                     = "deployed"
      [32m+[0m[0m timeout                    = 300
      [32m+[0m[0m verify                     = false
      [32m+[0m[0m version                    = "2.12.2"
      [32m+[0m[0m wait                       = true
      [32m+[0m[0m wait_for_jobs              = false
    }

[1mPlan:[0m 1 to add, 0 to change, 0 to destroy.
[0m[0m[1mhelm_release.flux: Creating...[0m[0m
[0m[1mhelm_release.flux: Still creating... [10s elapsed][0m[0m
[0m[1mhelm_release.flux: Still creating... [20s elapsed][0m[0m
[0m[1mhelm_release.flux: Still creating... [30s elapsed][0m[0m
[0m[1mhelm_release.flux: Still creating... [40s elapsed][0m[0m
[0m[1mhelm_release.flux: Still creating... [50s elapsed][0m[0m
[0m[1mhelm_release.flux: Still creating... [1m0s elapsed][0m[0m
[0m[1mhelm_release.flux: Still creating... [1m10s elapsed][0m[0m
[0m[1mhelm_release.flux: Still creating... [1m20s elapsed][0m[0m
[0m[1mhelm_release.flux: Still creating... [1m30s elapsed][0m[0m
[0m[1mhelm_release.flux: Still creating... [1m40s elapsed][0m[0m
[0m[1mhelm_release.flux: Still creating... [1m50s elapsed][0m[0m
[0m[1mhelm_release.flux: Still creating... [2m0s elapsed][0m[0m
[0m[1mhelm_release.flux: Still creating... [2m10s elapsed][0m[0m
[0m[1mhelm_release.flux: Still creating... [2m20s elapsed][0m[0m
[0m[1mhelm_release.flux: Still creating... [2m30s elapsed][0m[0m
[0m[1mhelm_release.flux: Still creating... [2m40s elapsed][0m[0m
[0m[1mhelm_release.flux: Still creating... [2m50s elapsed][0m[0m
[0m[1mhelm_release.flux: Still creating... [3m0s elapsed][0m[0m
[0m[1mhelm_release.flux: Creation complete after 3m4s [id=flux][0m
[0m[1m[32m
Apply complete! Resources: 1 added, 0 changed, 0 destroyed.
[0m